--- Starting Training Run ---
Configuration: {'ORACLE_PATH': '/home/caspar/celloracle_data/celloracle_data/celloracle_object/new_promoter_without_mescs_trimmed_test_own_umap/ready_oracle.pkl', 'MODEL_SAVE_PATH_BASE': '../celloracle_data/optuna_hpo_models2', 'LOG_DIR_BASE': '../celloracle_data/optuna_hpo_logs2', 'WAND_B_LOG_DIR_BASE': '../celloracle_data/optuna_hpo_wandb_logs2', 'HPO_FIXED_MAX_STEPS_PER_EPISODE': 20, 'TRANSITION_MATRIX': '../celloracle_data/transition_matrix/transition_matrix.pkl', 'BATCH_SIZE': 256, 'USE_MASKABLE_PPO': False, 'VERBOSE': 0, 'LOG_INTERVAL': 10, 'RESET_NUM_TIMESTEPS': False, 'DEVICE': 'cuda', 'USE_PROGRESS_BAR': False, 'STEP_SAVE_FREQ': 1000000000, 'PPO_N_STEPS': 256, 'PPO_N_EPOCHS': 7, 'GAMMA': 0.9946470458309974, 'GAE_LAMBDA': 0.95, 'CLIP_RANGE': 0.1467983561008608, 'ENT_COEF': 0.0011616722433639892, 'VF_COEF': 0.5, 'MAX_GRAD_NORM': 0.5, 'LEARNING_RATE': 7.106591851092232e-05, 'ALLOW_GENE_ACTIVATION': True, 'STANDARD_SD_FACTOR': 1.5, 'USE_LEARNING_RATE_SCHEDULE': False, 'USE_SIMILARITY_REWARD': True, 'ENV_TYPE': 'FAST', 'USE_PREV_KNOCKOUT': False, 'DIVIDER_OF_TOTAL_STEPS_FOR_CURRICULUM_LEARNING': 20, 'TARGET_CELLS_PER_PHASE': 14, 'MAX_STEP_INCREASE_PER_PHASE': 8, 'MAX_STEPS_FIRST_PHASE': 50000, 'PHASE_STEP_INCREASE': 15000, 'MAX_STEPS_PER_EPISODE': 42, 'OPTUNA_REPORT_INTERVAL': 10000, 'GENE_ACTIVITY_THRESHOLD': 0.01, 'TARGET_DISTANCE_THRESHOLD': 0.1, 'DISTANCE_GAMMA': 0.968493564427131, 'STEP_PENALTY': -0.09179929788622242, 'GOAL_BONUS': 1.185260448662222, 'FAIL_PENALTY': -3.627346799835591, 'SAME_CELL_PENALTY': -0.5902704435140169, 'DISTANCE_REWARD_SCALE': 67.9896242159113, 'PARAMETER_TUNING': True, 'TOTAL_TIMESTEPS_HPO': 100000, 'STUDY_NAME': 'ppo_celloracle_hpo_general1', 'STORAGE_NAME': 'sqlite:///ppo_celloracle_hpo_general1.db', 'PI_ARCH': [512, 256], 'VF_ARCH': [512, 256], 'ACTIVATION_FN': <class 'torch.nn.modules.activation.ReLU'>, 'MODEL_SAVE_PATH': '../celloracle_data/optuna_hpo_models2/trial_1', 'LOG_DIR': '../celloracle_data/optuna_hpo_logs2/trial_1', 'WANDB_RUN_NAME': 't1_lr7.1e-05_ent0.00', 'optuna_trial_obj': <optuna.trial._trial.Trial object at 0x72145366a9e0>, 'TOTAL_TIMESTEPS': 100000}
Optuna Trial 1 FAILED with exception: Oracle file not found at: /home/caspar/celloracle_data/celloracle_data/celloracle_object/new_promoter_without_mescs_trimmed_test_own_umap/ready_oracle.pkl.
Traceback (most recent call last):
  File "/home/caspar/thesis_code/complete_project/py files/AIFiles/ParameterTuningForRunPY.py", line 87, in objective
    trained_model = ai_module.run_training(trial_config)
  File "/home/caspar/thesis_code/complete_project/py files/AIFiles/AI.py", line 60, in run_training
    raise FileNotFoundError(f"Oracle file not found at: {config['ORACLE_PATH']}.")
FileNotFoundError: Oracle file not found at: /home/caspar/celloracle_data/celloracle_data/celloracle_object/new_promoter_without_mescs_trimmed_test_own_umap/ready_oracle.pkl.
Finishing W&B run for trial 1 (Status: failed)
